Файлов в корпусе H2: 30

[1/30] real_01.pdf
   run 1: raw не найден в логах (15.2s)
   run 2: raw не найден в логах (14.9s)
   run 3: raw не найден в логах (15.4s)

[2/30] real_02.pdf
   run 1: raw не найден в логах (15.0s)
   run 2: raw не найден в логах (13.8s)
   run 3: raw не найден в логах (14.8s)

[3/30] real_03.pdf
   run 1: raw не найден в логах (14.0s)
   run 2: raw не найден в логах (14.5s)
   run 3: raw не найден в логах (15.2s)

[4/30] real_04.pdf
   run 1: raw не найден в логах (13.3s)
   run 2: raw не найден в логах (14.4s)
   run 3: raw не найден в логах (13.1s)

[5/30] real_05.docx
   run 1: raw не найден в логах (15.4s)
   run 2: raw не найден в логах (16.2s)
   run 3: raw не найден в логах (17.3s)

[6/30] real_06.docx
   run 1: raw не найден в логах (19.0s)
   run 2: raw не найден в логах (18.7s)
   run 3: raw не найден в логах (14.1s)

[7/30] real_07.docx
   run 1: raw не найден в логах (16.8s)
   run 2: raw не найден в логах (13.6s)
   run 3: raw не найден в логах (13.9s)

[8/30] real_08.docx
   run 1: raw не найден в логах (18.2s)
   run 2: raw не найден в логах (14.4s)
   run 3: raw не найден в логах (14.8s)

[9/30] real_09.txt
   run 1: raw не найден в логах (16.3s)
   run 2: raw не найден в логах (16.1s)
   run 3: raw не найден в логах (17.3s)

[10/30] real_10.txt
   run 1: raw не найден в логах (3.6s)
   run 2: raw не найден в логах (2.9s)
   run 3: raw не найден в логах (2.6s)

[11/30] real_11.txt
   run 1: raw не найден в логах (12.9s)
   run 2: raw не найден в логах (16.1s)
   run 3: raw не найден в логах (11.8s)

[12/30] synth_01.pdf
   run 1: raw не найден в логах (18.0s)
   run 2: raw не найден в логах (16.0s)
   run 3: raw не найден в логах (17.2s)

[13/30] synth_02.pdf
   run 1: raw не найден в логах (17.5s)
   run 2: raw не найден в логах (19.2s)
   run 3: raw не найден в логах (17.5s)

[14/30] synth_03.pdf
   run 1: raw не найден в логах (15.4s)
   run 2: raw не найден в логах (14.7s)
   run 3: raw не найден в логах (14.4s)

[15/30] synth_04.pdf
   run 1: raw не найден в логах (15.2s)
   run 2: raw не найден в логах (13.9s)
   run 3: raw не найден в логах (12.2s)

[16/30] synth_05.pdf
   run 1: raw не найден в логах (12.7s)
   run 2: raw не найден в логах (13.6s)
   run 3: raw не найден в логах (11.9s)

[17/30] synth_06.pdf
   run 1: raw не найден в логах (15.0s)
   run 2: raw не найден в логах (18.8s)
   run 3: raw не найден в логах (16.8s)

[18/30] synth_07.docx
   run 1: raw не найден в логах (10.9s)
   run 2: raw не найден в логах (11.1s)
   run 3: raw не найден в логах (12.0s)

[19/30] synth_08.docx
   run 1: raw не найден в логах (11.8s)
   run 2: raw не найден в логах (11.3s)
   run 3: raw не найден в логах (13.6s)

[20/30] synth_09.docx
   run 1: raw не найден в логах (18.4s)
   run 2: raw не найден в логах (17.6s)
   run 3: raw не найден в логах (19.8s)

[21/30] synth_10.docx
   run 1: raw не найден в логах (15.7s)
   run 2: raw не найден в логах (12.6s)
   run 3: raw не найден в логах (15.1s)

[22/30] synth_11.docx
   run 1: raw не найден в логах (11.7s)
   run 2: raw не найден в логах (11.4s)
   run 3: raw не найден в логах (11.3s)

[23/30] synth_12.docx
   run 1: raw не найден в логах (13.7s)
   run 2: raw не найден в логах (12.9s)
   run 3: raw не найден в логах (11.1s)

[24/30] synth_13.txt
   run 1: raw не найден в логах (14.7s)
   run 2: raw не найден в логах (17.2s)
   run 3: raw не найден в логах (17.8s)

[25/30] synth_14.txt
   run 1: raw не найден в логах (21.2s)
   run 2: raw не найден в логах (19.6s)
   run 3: raw не найден в логах (21.0s)

[26/30] synth_15.txt
   run 1: raw не найден в логах (15.7s)
   run 2: raw не найден в логах (15.1s)
   run 3: raw не найден в логах (15.4s)

[27/30] synth_16.txt
   run 1: raw не найден в логах (15.3s)
   run 2: raw не найден в логах (15.0s)
   run 3: raw не найден в логах (16.2s)

[28/30] synth_17.txt
   run 1: raw не найден в логах (16.8s)
   run 2: raw не найден в логах (14.8s)
   run 3: raw не найден в логах (13.2s)

[29/30] synth_18.txt
   run 1: raw не найден в логах (12.4s)
   run 2: raw не найден в логах (12.8s)
   run 3: raw не найден в логах (12.9s)

[30/30] synth_19.txt
   run 1: raw не найден в логах (13.9s)
   run 2: raw не найден в логах (12.2s)
   run 3: raw не найден в логах (12.4s)

=== Итог ===
Всего записей: 0
Traceback (most recent call last):
  File "/Users/skiba/Dev/go_projects/legalbot_ai/rag/scripts/experiments/h1_recovery/collect_corpus.py", line 159, in <module>
    main()
    ~~~~^^
  File "/Users/skiba/Dev/go_projects/legalbot_ai/rag/scripts/experiments/h1_recovery/collect_corpus.py", line 154, in main
    print(f"Проблемных: {problematic_count} ({problematic_count / total * 100:.1f}%)")
                                              ~~~~~~~~~~~~~~~~~~^~~~~~~
ZeroDivisionError: division by zero
